{
  "stats": {
    "suites": 4,
    "tests": 26,
    "passes": 26,
    "pending": 0,
    "failures": 0,
    "start": "2019-11-15T16:43:21.701Z",
    "end": "2019-11-15T16:43:21.701Z",
    "duration": 397902,
    "testsRegistered": 26,
    "passPercent": 100,
    "pendingPercent": 0,
    "other": 0,
    "hasOther": false,
    "skipped": 0,
    "hasSkipped": false
  },
  "results": [
    {
      "uuid": "6fa195f0-c248-4205-b215-d201354ff9d9",
      "title": "",
      "fullFile": "",
      "file": "",
      "beforeHooks": [],
      "afterHooks": [],
      "tests": [],
      "suites": [
        {
          "uuid": "294f1b05-5f46-4cb4-b57e-99c7e7f343b5",
          "title": "Docs",
          "fullFile": "",
          "file": "",
          "beforeHooks": [],
          "afterHooks": [],
          "tests": [
            {
              "title": "Tries out correlations",
              "fullTitle": "Docs Tries out correlations",
              "timedOut": null,
              "duration": 18641,
              "state": "passed",
              "speed": "slow",
              "pass": true,
              "fail": false,
              "pending": false,
              "context": null,
              "code": "cy.visit(docsUrl);\nvar sectionId = '#operations-analytics-getCorrelations';\nexpandAndTryOutEndpoint(sectionId);\ncy.get('table.parameters > tbody > tr:nth-of-type(2) > td.col.parameters-col_description > input[type=\"text\"]').click().type('230');",
              "err": {},
              "uuid": "0d790c6b-73ef-4ca1-929c-d0aabc057a68",
              "parentUUID": "294f1b05-5f46-4cb4-b57e-99c7e7f343b5",
              "isHook": false,
              "skipped": false
            },
            {
              "title": "Tries out units",
              "fullTitle": "Docs Tries out units",
              "timedOut": null,
              "duration": 10396,
              "state": "passed",
              "speed": "slow",
              "pass": true,
              "fail": false,
              "pending": false,
              "context": null,
              "code": "cy.visit(docsUrl);\nexpandAndTryOutEndpoint('#operations-units-getUnits');\ncy.get('#operations-units-getUnits > div:nth-of-type(2) > .opblock-body > .execute-wrapper > button.btn.execute.opblock-control__btn').click({\n  force: true\n});",
              "err": {},
              "uuid": "83570450-c4a1-499b-a589-02212b4dbaa4",
              "parentUUID": "294f1b05-5f46-4cb4-b57e-99c7e7f343b5",
              "isHook": false,
              "skipped": false
            }
          ],
          "suites": [],
          "passes": [
            "0d790c6b-73ef-4ca1-929c-d0aabc057a68",
            "83570450-c4a1-499b-a589-02212b4dbaa4"
          ],
          "failures": [],
          "pending": [],
          "skipped": [],
          "duration": 29037,
          "root": false,
          "rootEmpty": false,
          "_timeout": 2000
        }
      ],
      "passes": [],
      "failures": [],
      "pending": [],
      "skipped": [],
      "duration": 0,
      "root": true,
      "rootEmpty": true,
      "_timeout": 2000
    },
    {
      "uuid": "d0c0caeb-4289-4980-be3e-ce5d5106ec04",
      "title": "",
      "fullFile": "",
      "file": "",
      "beforeHooks": [],
      "afterHooks": [],
      "tests": [],
      "suites": [
        {
          "uuid": "4ceb7935-372a-41f6-a57c-73a481a048f6",
          "title": "WordPress",
          "fullFile": "",
          "file": "",
          "beforeHooks": [],
          "afterHooks": [],
          "tests": [
            {
              "title": "Clicks pricing page link",
              "fullTitle": "WordPress Clicks pricing page link",
              "timedOut": null,
              "duration": 20712,
              "state": "passed",
              "speed": "slow",
              "pass": true,
              "fail": false,
              "pending": false,
              "context": null,
              "code": "cy.visit('https://quantimo.do');\ncy.get('a').contains(\"Pricing\").click({\n  force: true\n});\ncy.get('a').contains(\"Request Demo\").should('exist');",
              "err": {},
              "uuid": "b3d0f0e3-ef4a-4cc2-b5ef-5d9feb19a985",
              "parentUUID": "4ceb7935-372a-41f6-a57c-73a481a048f6",
              "isHook": false,
              "skipped": false
            },
            {
              "title": "Clicks the Drift chat button",
              "fullTitle": "WordPress Clicks the Drift chat button",
              "timedOut": null,
              "duration": 9864,
              "state": "passed",
              "speed": "slow",
              "pass": true,
              "fail": false,
              "pending": false,
              "context": null,
              "code": "cy.visit('https://quantimo.do');\ncy.get('#drift-widget', {\n  timeout: 20000\n}).click({\n  force: true,\n  multiple: true\n});",
              "err": {},
              "uuid": "c3f5be43-7438-4b32-908d-6ce412e2981c",
              "parentUUID": "4ceb7935-372a-41f6-a57c-73a481a048f6",
              "isHook": false,
              "skipped": false
            },
            {
              "title": "Clicks to email mike",
              "fullTitle": "WordPress Clicks to email mike",
              "timedOut": null,
              "duration": 14209,
              "state": "passed",
              "speed": "slow",
              "pass": true,
              "fail": false,
              "pending": false,
              "context": null,
              "code": "cy.visit('https://quantimo.do');\ncy.get('a[href=\"mailto:mike@quantimo.do\"]').should('exist');",
              "err": {},
              "uuid": "16d108fd-eb86-4660-95fd-facce76f1491",
              "parentUUID": "4ceb7935-372a-41f6-a57c-73a481a048f6",
              "isHook": false,
              "skipped": false
            },
            {
              "title": "Checks the data sources page",
              "fullTitle": "WordPress Checks the data sources page",
              "timedOut": null,
              "duration": 29978,
              "state": "passed",
              "speed": "slow",
              "pass": true,
              "fail": false,
              "pending": false,
              "context": null,
              "code": "cy.visit('https://quantimo.do');\ncy.get('a[href*=\"/data-sources/\"]').click({\n  force: true\n});\ncy.get('#post-18731 > div > div.portfolio-header > h3 > a').click({\n  force: true\n});\ncy.get('#feature-bullets > ul > li:nth-child(1) > span').should('contain', 'Ultra precise weight');",
              "err": {},
              "uuid": "063ee6f6-3a5d-44d3-8f2c-a01be29e43d9",
              "parentUUID": "4ceb7935-372a-41f6-a57c-73a481a048f6",
              "isHook": false,
              "skipped": false
            },
            {
              "title": "Clicks the QuantiModo floating action button",
              "fullTitle": "WordPress Clicks the QuantiModo floating action button",
              "timedOut": null,
              "duration": 11491,
              "state": "passed",
              "speed": "slow",
              "pass": true,
              "fail": false,
              "pending": false,
              "context": null,
              "code": "cy.visit('https://quantimo.do');\ncy.get('#single-floating-action-button').click({\n  force: true,\n  multiple: true\n});",
              "err": {},
              "uuid": "2edfc231-b4f4-4786-8d46-3b3fdbd588cd",
              "parentUUID": "4ceb7935-372a-41f6-a57c-73a481a048f6",
              "isHook": false,
              "skipped": false
            },
            {
              "title": "Checks the privacy policy",
              "fullTitle": "WordPress Checks the privacy policy",
              "timedOut": null,
              "duration": 13121,
              "state": "passed",
              "speed": "slow",
              "pass": true,
              "fail": false,
              "pending": false,
              "context": null,
              "code": "cy.visit('https://quantimo.do');\ncy.get('a[href*=\"/privacy-policy/\"]').click({\n  force: true\n});\ncy.getWithinIframe('html').should('contain', 'committed to protecting');",
              "err": {},
              "uuid": "0f453663-2624-4491-931e-b96635459912",
              "parentUUID": "4ceb7935-372a-41f6-a57c-73a481a048f6",
              "isHook": false,
              "skipped": false
            },
            {
              "title": "Checks the end user terms of service",
              "fullTitle": "WordPress Checks the end user terms of service",
              "timedOut": null,
              "duration": 11670,
              "state": "passed",
              "speed": "slow",
              "pass": true,
              "fail": false,
              "pending": false,
              "context": null,
              "code": "cy.visit('https://quantimo.do');\ncy.get('a[href*=\"/end-user-terms-of-service/\"]').click({\n  force: true\n});\ncy.get('html').should('contain', 'End Users authorize');",
              "err": {},
              "uuid": "d8df5f41-ba47-4f3f-b6f6-bc977e75a47c",
              "parentUUID": "4ceb7935-372a-41f6-a57c-73a481a048f6",
              "isHook": false,
              "skipped": false
            },
            {
              "title": "Checks the data security page",
              "fullTitle": "WordPress Checks the data security page",
              "timedOut": null,
              "duration": 11910,
              "state": "passed",
              "speed": "slow",
              "pass": true,
              "fail": false,
              "pending": false,
              "context": null,
              "code": "cy.visit('https://quantimo.do');\ncy.get('a[href*=\"/developer-platform/security/\"]').click({\n  force: true\n});\ncy.get('html').should('contain', 'Data Encryption');",
              "err": {},
              "uuid": "792ccd7d-6c67-4688-9be4-8186829454f5",
              "parentUUID": "4ceb7935-372a-41f6-a57c-73a481a048f6",
              "isHook": false,
              "skipped": false
            }
          ],
          "suites": [],
          "passes": [
            "b3d0f0e3-ef4a-4cc2-b5ef-5d9feb19a985",
            "c3f5be43-7438-4b32-908d-6ce412e2981c",
            "16d108fd-eb86-4660-95fd-facce76f1491",
            "063ee6f6-3a5d-44d3-8f2c-a01be29e43d9",
            "2edfc231-b4f4-4786-8d46-3b3fdbd588cd",
            "0f453663-2624-4491-931e-b96635459912",
            "d8df5f41-ba47-4f3f-b6f6-bc977e75a47c",
            "792ccd7d-6c67-4688-9be4-8186829454f5"
          ],
          "failures": [],
          "pending": [],
          "skipped": [],
          "duration": 122955,
          "root": false,
          "rootEmpty": false,
          "_timeout": 2000
        }
      ],
      "passes": [],
      "failures": [],
      "pending": [],
      "skipped": [],
      "duration": 0,
      "root": true,
      "rootEmpty": true,
      "_timeout": 2000
    },
    {
      "uuid": "d0c0caeb-4289-4980-be3e-ce5d5106ec04",
      "title": "",
      "fullFile": "",
      "file": "",
      "beforeHooks": [],
      "afterHooks": [],
      "tests": [],
      "suites": [
        {
          "uuid": "4ceb7935-372a-41f6-a57c-73a481a048f6",
          "title": "WordPress",
          "fullFile": "",
          "file": "",
          "beforeHooks": [],
          "afterHooks": [],
          "tests": [
            {
              "title": "Clicks pricing page link",
              "fullTitle": "WordPress Clicks pricing page link",
              "timedOut": null,
              "duration": 20712,
              "state": "passed",
              "speed": "slow",
              "pass": true,
              "fail": false,
              "pending": false,
              "context": null,
              "code": "cy.visit('https://quantimo.do');\ncy.get('a').contains(\"Pricing\").click({\n  force: true\n});\ncy.get('a').contains(\"Request Demo\").should('exist');",
              "err": {},
              "uuid": "b3d0f0e3-ef4a-4cc2-b5ef-5d9feb19a985",
              "parentUUID": "4ceb7935-372a-41f6-a57c-73a481a048f6",
              "isHook": false,
              "skipped": false
            },
            {
              "title": "Clicks the Drift chat button",
              "fullTitle": "WordPress Clicks the Drift chat button",
              "timedOut": null,
              "duration": 9864,
              "state": "passed",
              "speed": "slow",
              "pass": true,
              "fail": false,
              "pending": false,
              "context": null,
              "code": "cy.visit('https://quantimo.do');\ncy.get('#drift-widget', {\n  timeout: 20000\n}).click({\n  force: true,\n  multiple: true\n});",
              "err": {},
              "uuid": "c3f5be43-7438-4b32-908d-6ce412e2981c",
              "parentUUID": "4ceb7935-372a-41f6-a57c-73a481a048f6",
              "isHook": false,
              "skipped": false
            },
            {
              "title": "Clicks to email mike",
              "fullTitle": "WordPress Clicks to email mike",
              "timedOut": null,
              "duration": 14209,
              "state": "passed",
              "speed": "slow",
              "pass": true,
              "fail": false,
              "pending": false,
              "context": null,
              "code": "cy.visit('https://quantimo.do');\ncy.get('a[href=\"mailto:mike@quantimo.do\"]').should('exist');",
              "err": {},
              "uuid": "16d108fd-eb86-4660-95fd-facce76f1491",
              "parentUUID": "4ceb7935-372a-41f6-a57c-73a481a048f6",
              "isHook": false,
              "skipped": false
            },
            {
              "title": "Checks the data sources page",
              "fullTitle": "WordPress Checks the data sources page",
              "timedOut": null,
              "duration": 29978,
              "state": "passed",
              "speed": "slow",
              "pass": true,
              "fail": false,
              "pending": false,
              "context": null,
              "code": "cy.visit('https://quantimo.do');\ncy.get('a[href*=\"/data-sources/\"]').click({\n  force: true\n});\ncy.get('#post-18731 > div > div.portfolio-header > h3 > a').click({\n  force: true\n});\ncy.get('#feature-bullets > ul > li:nth-child(1) > span').should('contain', 'Ultra precise weight');",
              "err": {},
              "uuid": "063ee6f6-3a5d-44d3-8f2c-a01be29e43d9",
              "parentUUID": "4ceb7935-372a-41f6-a57c-73a481a048f6",
              "isHook": false,
              "skipped": false
            },
            {
              "title": "Clicks the QuantiModo floating action button",
              "fullTitle": "WordPress Clicks the QuantiModo floating action button",
              "timedOut": null,
              "duration": 11491,
              "state": "passed",
              "speed": "slow",
              "pass": true,
              "fail": false,
              "pending": false,
              "context": null,
              "code": "cy.visit('https://quantimo.do');\ncy.get('#single-floating-action-button').click({\n  force: true,\n  multiple: true\n});",
              "err": {},
              "uuid": "2edfc231-b4f4-4786-8d46-3b3fdbd588cd",
              "parentUUID": "4ceb7935-372a-41f6-a57c-73a481a048f6",
              "isHook": false,
              "skipped": false
            },
            {
              "title": "Checks the privacy policy",
              "fullTitle": "WordPress Checks the privacy policy",
              "timedOut": null,
              "duration": 13121,
              "state": "passed",
              "speed": "slow",
              "pass": true,
              "fail": false,
              "pending": false,
              "context": null,
              "code": "cy.visit('https://quantimo.do');\ncy.get('a[href*=\"/privacy-policy/\"]').click({\n  force: true\n});\ncy.getWithinIframe('html').should('contain', 'committed to protecting');",
              "err": {},
              "uuid": "0f453663-2624-4491-931e-b96635459912",
              "parentUUID": "4ceb7935-372a-41f6-a57c-73a481a048f6",
              "isHook": false,
              "skipped": false
            },
            {
              "title": "Checks the end user terms of service",
              "fullTitle": "WordPress Checks the end user terms of service",
              "timedOut": null,
              "duration": 11670,
              "state": "passed",
              "speed": "slow",
              "pass": true,
              "fail": false,
              "pending": false,
              "context": null,
              "code": "cy.visit('https://quantimo.do');\ncy.get('a[href*=\"/end-user-terms-of-service/\"]').click({\n  force: true\n});\ncy.get('html').should('contain', 'End Users authorize');",
              "err": {},
              "uuid": "d8df5f41-ba47-4f3f-b6f6-bc977e75a47c",
              "parentUUID": "4ceb7935-372a-41f6-a57c-73a481a048f6",
              "isHook": false,
              "skipped": false
            },
            {
              "title": "Checks the data security page",
              "fullTitle": "WordPress Checks the data security page",
              "timedOut": null,
              "duration": 11910,
              "state": "passed",
              "speed": "slow",
              "pass": true,
              "fail": false,
              "pending": false,
              "context": null,
              "code": "cy.visit('https://quantimo.do');\ncy.get('a[href*=\"/developer-platform/security/\"]').click({\n  force: true\n});\ncy.get('html').should('contain', 'Data Encryption');",
              "err": {},
              "uuid": "792ccd7d-6c67-4688-9be4-8186829454f5",
              "parentUUID": "4ceb7935-372a-41f6-a57c-73a481a048f6",
              "isHook": false,
              "skipped": false
            }
          ],
          "suites": [],
          "passes": [
            "b3d0f0e3-ef4a-4cc2-b5ef-5d9feb19a985",
            "c3f5be43-7438-4b32-908d-6ce412e2981c",
            "16d108fd-eb86-4660-95fd-facce76f1491",
            "063ee6f6-3a5d-44d3-8f2c-a01be29e43d9",
            "2edfc231-b4f4-4786-8d46-3b3fdbd588cd",
            "0f453663-2624-4491-931e-b96635459912",
            "d8df5f41-ba47-4f3f-b6f6-bc977e75a47c",
            "792ccd7d-6c67-4688-9be4-8186829454f5"
          ],
          "failures": [],
          "pending": [],
          "skipped": [],
          "duration": 122955,
          "root": false,
          "rootEmpty": false,
          "_timeout": 2000
        }
      ],
      "passes": [],
      "failures": [],
      "pending": [],
      "skipped": [],
      "duration": 0,
      "root": true,
      "rootEmpty": true,
      "_timeout": 2000
    },
    {
      "uuid": "d0c0caeb-4289-4980-be3e-ce5d5106ec04",
      "title": "",
      "fullFile": "",
      "file": "",
      "beforeHooks": [],
      "afterHooks": [],
      "tests": [],
      "suites": [
        {
          "uuid": "4ceb7935-372a-41f6-a57c-73a481a048f6",
          "title": "WordPress",
          "fullFile": "",
          "file": "",
          "beforeHooks": [],
          "afterHooks": [],
          "tests": [
            {
              "title": "Clicks pricing page link",
              "fullTitle": "WordPress Clicks pricing page link",
              "timedOut": null,
              "duration": 20712,
              "state": "passed",
              "speed": "slow",
              "pass": true,
              "fail": false,
              "pending": false,
              "context": null,
              "code": "cy.visit('https://quantimo.do');\ncy.get('a').contains(\"Pricing\").click({\n  force: true\n});\ncy.get('a').contains(\"Request Demo\").should('exist');",
              "err": {},
              "uuid": "b3d0f0e3-ef4a-4cc2-b5ef-5d9feb19a985",
              "parentUUID": "4ceb7935-372a-41f6-a57c-73a481a048f6",
              "isHook": false,
              "skipped": false
            },
            {
              "title": "Clicks the Drift chat button",
              "fullTitle": "WordPress Clicks the Drift chat button",
              "timedOut": null,
              "duration": 9864,
              "state": "passed",
              "speed": "slow",
              "pass": true,
              "fail": false,
              "pending": false,
              "context": null,
              "code": "cy.visit('https://quantimo.do');\ncy.get('#drift-widget', {\n  timeout: 20000\n}).click({\n  force: true,\n  multiple: true\n});",
              "err": {},
              "uuid": "c3f5be43-7438-4b32-908d-6ce412e2981c",
              "parentUUID": "4ceb7935-372a-41f6-a57c-73a481a048f6",
              "isHook": false,
              "skipped": false
            },
            {
              "title": "Clicks to email mike",
              "fullTitle": "WordPress Clicks to email mike",
              "timedOut": null,
              "duration": 14209,
              "state": "passed",
              "speed": "slow",
              "pass": true,
              "fail": false,
              "pending": false,
              "context": null,
              "code": "cy.visit('https://quantimo.do');\ncy.get('a[href=\"mailto:mike@quantimo.do\"]').should('exist');",
              "err": {},
              "uuid": "16d108fd-eb86-4660-95fd-facce76f1491",
              "parentUUID": "4ceb7935-372a-41f6-a57c-73a481a048f6",
              "isHook": false,
              "skipped": false
            },
            {
              "title": "Checks the data sources page",
              "fullTitle": "WordPress Checks the data sources page",
              "timedOut": null,
              "duration": 29978,
              "state": "passed",
              "speed": "slow",
              "pass": true,
              "fail": false,
              "pending": false,
              "context": null,
              "code": "cy.visit('https://quantimo.do');\ncy.get('a[href*=\"/data-sources/\"]').click({\n  force: true\n});\ncy.get('#post-18731 > div > div.portfolio-header > h3 > a').click({\n  force: true\n});\ncy.get('#feature-bullets > ul > li:nth-child(1) > span').should('contain', 'Ultra precise weight');",
              "err": {},
              "uuid": "063ee6f6-3a5d-44d3-8f2c-a01be29e43d9",
              "parentUUID": "4ceb7935-372a-41f6-a57c-73a481a048f6",
              "isHook": false,
              "skipped": false
            },
            {
              "title": "Clicks the QuantiModo floating action button",
              "fullTitle": "WordPress Clicks the QuantiModo floating action button",
              "timedOut": null,
              "duration": 11491,
              "state": "passed",
              "speed": "slow",
              "pass": true,
              "fail": false,
              "pending": false,
              "context": null,
              "code": "cy.visit('https://quantimo.do');\ncy.get('#single-floating-action-button').click({\n  force: true,\n  multiple: true\n});",
              "err": {},
              "uuid": "2edfc231-b4f4-4786-8d46-3b3fdbd588cd",
              "parentUUID": "4ceb7935-372a-41f6-a57c-73a481a048f6",
              "isHook": false,
              "skipped": false
            },
            {
              "title": "Checks the privacy policy",
              "fullTitle": "WordPress Checks the privacy policy",
              "timedOut": null,
              "duration": 13121,
              "state": "passed",
              "speed": "slow",
              "pass": true,
              "fail": false,
              "pending": false,
              "context": null,
              "code": "cy.visit('https://quantimo.do');\ncy.get('a[href*=\"/privacy-policy/\"]').click({\n  force: true\n});\ncy.getWithinIframe('html').should('contain', 'committed to protecting');",
              "err": {},
              "uuid": "0f453663-2624-4491-931e-b96635459912",
              "parentUUID": "4ceb7935-372a-41f6-a57c-73a481a048f6",
              "isHook": false,
              "skipped": false
            },
            {
              "title": "Checks the end user terms of service",
              "fullTitle": "WordPress Checks the end user terms of service",
              "timedOut": null,
              "duration": 11670,
              "state": "passed",
              "speed": "slow",
              "pass": true,
              "fail": false,
              "pending": false,
              "context": null,
              "code": "cy.visit('https://quantimo.do');\ncy.get('a[href*=\"/end-user-terms-of-service/\"]').click({\n  force: true\n});\ncy.get('html').should('contain', 'End Users authorize');",
              "err": {},
              "uuid": "d8df5f41-ba47-4f3f-b6f6-bc977e75a47c",
              "parentUUID": "4ceb7935-372a-41f6-a57c-73a481a048f6",
              "isHook": false,
              "skipped": false
            },
            {
              "title": "Checks the data security page",
              "fullTitle": "WordPress Checks the data security page",
              "timedOut": null,
              "duration": 11910,
              "state": "passed",
              "speed": "slow",
              "pass": true,
              "fail": false,
              "pending": false,
              "context": null,
              "code": "cy.visit('https://quantimo.do');\ncy.get('a[href*=\"/developer-platform/security/\"]').click({\n  force: true\n});\ncy.get('html').should('contain', 'Data Encryption');",
              "err": {},
              "uuid": "792ccd7d-6c67-4688-9be4-8186829454f5",
              "parentUUID": "4ceb7935-372a-41f6-a57c-73a481a048f6",
              "isHook": false,
              "skipped": false
            }
          ],
          "suites": [],
          "passes": [
            "b3d0f0e3-ef4a-4cc2-b5ef-5d9feb19a985",
            "c3f5be43-7438-4b32-908d-6ce412e2981c",
            "16d108fd-eb86-4660-95fd-facce76f1491",
            "063ee6f6-3a5d-44d3-8f2c-a01be29e43d9",
            "2edfc231-b4f4-4786-8d46-3b3fdbd588cd",
            "0f453663-2624-4491-931e-b96635459912",
            "d8df5f41-ba47-4f3f-b6f6-bc977e75a47c",
            "792ccd7d-6c67-4688-9be4-8186829454f5"
          ],
          "failures": [],
          "pending": [],
          "skipped": [],
          "duration": 122955,
          "root": false,
          "rootEmpty": false,
          "_timeout": 2000
        }
      ],
      "passes": [],
      "failures": [],
      "pending": [],
      "skipped": [],
      "duration": 0,
      "root": true,
      "rootEmpty": true,
      "_timeout": 2000
    }
  ],
  "meta": {
    "mocha": {
      "version": "6.2.2"
    },
    "mochawesome": {
      "options": {
        "quiet": true,
        "reportFilename": "mochawesome",
        "saveHtml": false,
        "saveJson": true,
        "consoleReporter": "spec",
        "useInlineDiffs": false
      },
      "version": "4.1.0"
    },
    "marge": {
      "options": {
        "id": "default",
        "reportDir": "cypress/reports/mocha",
        "quiet": true,
        "overwrite": false,
        "html": false,
        "json": true
      },
      "version": "4.0.1"
    }
  }
}